  Assignment2.cpp
C:\Users\Fury\Desktop\Repos\comp175-hw1to3\Assignment2-Camera\solutionTemplate\projectTemplate\include\GL/glui.h(850): warning C4244: 'argument': conversion from 'double' to 'GLfloat', possible loss of data
Assignment2.cpp(41): warning C4305: 'initializing': truncation from 'double' to 'float'
Assignment2.cpp(139): warning C4244: 'argument': conversion from 'int' to 'GLfloat', possible loss of data
Assignment2.cpp(140): warning C4244: 'argument': conversion from 'int' to 'GLfloat', possible loss of data
Assignment2.cpp(141): warning C4244: 'argument': conversion from 'int' to 'GLfloat', possible loss of data
Assignment2.cpp(155): warning C4244: 'argument': conversion from 'double' to 'GLfloat', possible loss of data
Assignment2.cpp(218): warning C4305: 'argument': truncation from 'double' to 'GLclampf'
  Camera.cpp
Camera.cpp(11): warning C4244: '=': conversion from 'double' to 'int', possible loss of data
Camera.cpp(12): warning C4244: '=': conversion from 'double' to 'int', possible loss of data
Camera.cpp(17): error C2171: '-': illegal on operands of type 'Vector *'
Camera.cpp(17): error C2664: 'double length(const Vector &)': cannot convert argument 1 from 'Vector *' to 'const Vector &'
  Camera.cpp(17): note: Reason: cannot convert from 'Vector *' to 'const Vector'
  Camera.cpp(17): note: No constructor could take the source type, or constructor overload resolution was ambiguous
Camera.cpp(18): error C2664: 'Vector cross(const Vector &,const Vector &)': cannot convert argument 1 from 'Vector *' to 'const Vector &'
  Camera.cpp(18): note: Reason: cannot convert from 'Vector *' to 'const Vector'
  Camera.cpp(18): note: No constructor could take the source type, or constructor overload resolution was ambiguous
Camera.cpp(19): error C2664: 'Vector cross(const Vector &,const Vector &)': cannot convert argument 1 from 'Vector *' to 'const Vector &'
  Camera.cpp(19): note: Reason: cannot convert from 'Vector *' to 'const Vector'
  Camera.cpp(19): note: No constructor could take the source type, or constructor overload resolution was ambiguous
Camera.cpp(45): error C2664: 'void Camera::Orient(Point &,Vector &,Vector &)': cannot convert argument 2 from 'Vector *' to 'Point &'
Camera.cpp(51): error C2228: left of '.up' must have class/struct/union
  Camera.cpp(51): note: type is 'Camera *'
  Camera.cpp(51): note: did you intend to use '->' instead?
Camera.cpp(52): error C2228: left of '.look' must have class/struct/union
  Camera.cpp(52): note: type is 'Camera *'
  Camera.cpp(52): note: did you intend to use '->' instead?
Camera.cpp(53): error C2228: left of '.eye' must have class/struct/union
  Camera.cpp(53): note: type is 'Camera *'
  Camera.cpp(53): note: did you intend to use '->' instead?
Camera.cpp(58): error C2228: left of '.up' must have class/struct/union
  Camera.cpp(58): note: type is 'Camera *'
  Camera.cpp(58): note: did you intend to use '->' instead?
Camera.cpp(59): error C2228: left of '.look' must have class/struct/union
  Camera.cpp(59): note: type is 'Camera *'
  Camera.cpp(59): note: did you intend to use '->' instead?
Camera.cpp(60): error C2228: left of '.eye' must have class/struct/union
  Camera.cpp(60): note: type is 'Camera *'
  Camera.cpp(60): note: did you intend to use '->' instead?
Camera.cpp(61): error C2440: '=': cannot convert from 'Vector' to 'Vector *'
  Camera.cpp(61): note: No user-defined-conversion operator available that can perform this conversion, or the operator cannot be called
Camera.cpp(62): error C2664: 'Vector cross(const Vector &,const Vector &)': cannot convert argument 2 from 'Vector *' to 'const Vector &'
  Camera.cpp(62): note: Reason: cannot convert from 'Vector *' to 'const Vector'
  Camera.cpp(62): note: No constructor could take the source type, or constructor overload resolution was ambiguous
Camera.cpp(63): error C2664: 'Vector cross(const Vector &,const Vector &)': cannot convert argument 1 from 'Vector *' to 'const Vector &'
  Camera.cpp(63): note: Reason: cannot convert from 'Vector *' to 'const Vector'
  Camera.cpp(63): note: No constructor could take the source type, or constructor overload resolution was ambiguous
Camera.cpp(71): error C2171: '-': illegal on operands of type 'Point *'
Camera.cpp(71): error C2664: 'Matrix trans_mat(const Vector &)': cannot convert argument 1 from 'Point *' to 'const Vector &'
  Camera.cpp(71): note: Reason: cannot convert from 'Point *' to 'const Vector'
  Camera.cpp(71): note: No constructor could take the source type, or constructor overload resolution was ambiguous
Camera.cpp(72): error C2664: 'Matrix cam_rot_mat(Vector &,Vector &,Vector &)': cannot convert argument 1 from 'Vector *' to 'Vector &'
Camera.cpp(73): error C2296: '*': illegal, left operand has type 'Matrix *'
Camera.cpp(73): error C2297: '*': illegal, right operand has type 'Matrix *'
Camera.cpp(85): error C2440: '=': cannot convert from 'Matrix' to 'Matrix *'
  Camera.cpp(85): note: No user-defined-conversion operator available that can perform this conversion, or the operator cannot be called
Camera.cpp(91): error C2296: '*': illegal, left operand has type 'Matrix *'
Camera.cpp(91): error C2297: '*': illegal, right operand has type 'Matrix *'
Camera.cpp(97): error C2228: left of '.viewAngle' must have class/struct/union
  Camera.cpp(97): note: type is 'Camera *'
  Camera.cpp(97): note: did you intend to use '->' instead?
Camera.cpp(103): error C2228: left of '.nearPlane' must have class/struct/union
  Camera.cpp(103): note: type is 'Camera *'
  Camera.cpp(103): note: did you intend to use '->' instead?
Camera.cpp(104): error C2228: left of '.depth' must have class/struct/union
  Camera.cpp(104): note: type is 'Camera *'
  Camera.cpp(104): note: did you intend to use '->' instead?
Camera.cpp(109): error C2228: left of '.farPlane' must have class/struct/union
  Camera.cpp(109): note: type is 'Camera *'
  Camera.cpp(109): note: did you intend to use '->' instead?
Camera.cpp(110): error C2228: left of '.depth' must have class/struct/union
  Camera.cpp(110): note: type is 'Camera *'
  Camera.cpp(110): note: did you intend to use '->' instead?
Camera.cpp(116): error C2228: left of '.screenWidth' must have class/struct/union
  Camera.cpp(116): note: type is 'Camera *'
  Camera.cpp(116): note: did you intend to use '->' instead?
Camera.cpp(117): error C2228: left of '.screenHeight' must have class/struct/union
  Camera.cpp(117): note: type is 'Camera *'
  Camera.cpp(117): note: did you intend to use '->' instead?
Camera.cpp(118): error C2228: left of '.aspectRatio' must have class/struct/union
  Camera.cpp(118): note: type is 'Camera *'
  Camera.cpp(118): note: did you intend to use '->' instead?
Camera.cpp(124): error C2664: 'void Camera::Rotate(Point,Vector,double)': cannot convert argument 1 from 'Point *' to 'Point'
  Camera.cpp(124): note: No constructor could take the source type, or constructor overload resolution was ambiguous
Camera.cpp(129): error C2664: 'void Camera::Rotate(Point,Vector,double)': cannot convert argument 1 from 'Point *' to 'Point'
  Camera.cpp(129): note: No constructor could take the source type, or constructor overload resolution was ambiguous
Camera.cpp(134): error C2664: 'void Camera::Rotate(Point,Vector,double)': cannot convert argument 1 from 'Point *' to 'Point'
  Camera.cpp(134): note: No constructor could take the source type, or constructor overload resolution was ambiguous
Camera.cpp(139): error C2440: 'initializing': cannot convert from 'Matrix *' to 'Matrix'
  Camera.cpp(139): note: No constructor could take the source type, or constructor overload resolution was ambiguous
Camera.cpp(141): error C2678: binary '*': no operator found which takes a left-hand operand of type 'Matrix *' (or there is no acceptable conversion)
  c:\users\fury\desktop\repos\comp175-hw1to3\assignment2-camera\solutiontemplate\projecttemplate\Algebra.h(511): note: could be 'Matrix operator *(const Matrix &,const Matrix &)'
  c:\users\fury\desktop\repos\comp175-hw1to3\assignment2-camera\solutiontemplate\projecttemplate\Algebra.h(501): note: or       'Vector operator *(const Matrix &,const Vector &)'
  c:\users\fury\desktop\repos\comp175-hw1to3\assignment2-camera\solutiontemplate\projecttemplate\Algebra.h(491): note: or       'Point operator *(const Matrix &,const Point &)'
  c:\users\fury\desktop\repos\comp175-hw1to3\assignment2-camera\solutiontemplate\projecttemplate\Algebra.h(480): note: or       'Vector operator *(Vector &,const double)'
  c:\users\fury\desktop\repos\comp175-hw1to3\assignment2-camera\solutiontemplate\projecttemplate\Algebra.h(473): note: or       'Vector operator *(const double,const Vector &)'
  c:\users\fury\desktop\repos\comp175-hw1to3\assignment2-camera\solutiontemplate\projecttemplate\Algebra.h(451): note: or       'Point operator *(const Point &,const double)'
  c:\users\fury\desktop\repos\comp175-hw1to3\assignment2-camera\solutiontemplate\projecttemplate\Algebra.h(445): note: or       'Point operator *(const double,const Point &)'
  Camera.cpp(141): note: while trying to match the argument list '(Matrix *, Matrix)'
Camera.cpp(142): error C2440: 'delete': cannot convert from 'Matrix' to 'void*'
  Camera.cpp(142): note: No user-defined-conversion operator available that can perform this conversion, or the operator cannot be called
Camera.cpp(148): error C2440: 'initializing': cannot convert from 'Matrix *' to 'Matrix'
  Camera.cpp(148): note: No constructor could take the source type, or constructor overload resolution was ambiguous
Camera.cpp(150): error C2678: binary '*': no operator found which takes a left-hand operand of type 'Matrix *' (or there is no acceptable conversion)
  c:\users\fury\desktop\repos\comp175-hw1to3\assignment2-camera\solutiontemplate\projecttemplate\Algebra.h(511): note: could be 'Matrix operator *(const Matrix &,const Matrix &)'
  c:\users\fury\desktop\repos\comp175-hw1to3\assignment2-camera\solutiontemplate\projecttemplate\Algebra.h(501): note: or       'Vector operator *(const Matrix &,const Vector &)'
  c:\users\fury\desktop\repos\comp175-hw1to3\assignment2-camera\solutiontemplate\projecttemplate\Algebra.h(491): note: or       'Point operator *(const Matrix &,const Point &)'
  c:\users\fury\desktop\repos\comp175-hw1to3\assignment2-camera\solutiontemplate\projecttemplate\Algebra.h(480): note: or       'Vector operator *(Vector &,const double)'
  c:\users\fury\desktop\repos\comp175-hw1to3\assignment2-camera\solutiontemplate\projecttemplate\Algebra.h(473): note: or       'Vector operator *(const double,const Vector &)'
  c:\users\fury\desktop\repos\comp175-hw1to3\assignment2-camera\solutiontemplate\projecttemplate\Algebra.h(451): note: or       'Point operator *(const Point &,const double)'
  c:\users\fury\desktop\repos\comp175-hw1to3\assignment2-camera\solutiontemplate\projecttemplate\Algebra.h(445): note: or       'Point operator *(const double,const Point &)'
  Camera.cpp(150): note: while trying to match the argument list '(Matrix *, Matrix)'
Camera.cpp(151): error C2440: 'delete': cannot convert from 'Matrix' to 'void*'
  Camera.cpp(151): note: No user-defined-conversion operator available that can perform this conversion, or the operator cannot be called
Camera.cpp(157): error C2440: 'return': cannot convert from 'Point *' to 'Point'
  Camera.cpp(157): note: No constructor could take the source type, or constructor overload resolution was ambiguous
Camera.cpp(162): error C2440: 'return': cannot convert from 'Vector *' to 'Vector'
  Camera.cpp(162): note: No constructor could take the source type, or constructor overload resolution was ambiguous
Camera.cpp(167): error C2440: 'return': cannot convert from 'Vector *' to 'Vector'
  Camera.cpp(167): note: No constructor could take the source type, or constructor overload resolution was ambiguous
